[12:10:23.568] Global cache location '/home/islom/.cache/typescript/4.7', safe file path '/home/islom/Projects/Next/travel-app/node_modules/typescript/lib/typingSafeList.json', types map path /home/islom/Projects/Next/travel-app/node_modules/typescript/lib/typesMap.json
[12:10:23.571] Processing cache location '/home/islom/.cache/typescript/4.7'
[12:10:23.572] Trying to find '/home/islom/.cache/typescript/4.7/package.json'...
[12:10:23.682] Loaded content of '/home/islom/.cache/typescript/4.7/package.json': {"private":true,"dependencies":{"types-registry":"^0.1.602"},"devDependencies":{"@types/babel__core":"^7.1.19","@types/babel__preset-env":"^7.9.2","@types/balanced-match":"^1.0.2","@types/brace-expansion":"^1.1.0","@types/concat-map":"^0.0.1","@types/debug":"^4.1.7","@types/eslint":"^8.4.5","@types/htmlparser2":"^3.10.3","@types/inquirer":"^8.2.1","@types/jest":"^28.1.5","@types/lodash":"^4.14.182","@types/mime":"^2.0.3","@types/minimatch":"^3.0.5","@types/node":"^18.0.4","@types/node-localstorage":"^1.3.0","@types/nodemon":"^1.19.2","@types/nprogress":"^0.2.0","@types/pako":"^2.0.0","@types/path-browserify":"^1.0.0","@types/prettier":"^2.6.3","@types/react":"^18.0.15","@types/react-dom":"^18.0.6","@types/react-simple-maps":"^1.0.8","@types/sharp":"^0.30.4","@types/supports-color":"^8.1.1","@types/utf-8-validate":"^5.0.0","@types/webpack":"^5.28.0","@types/websocket":"^1.0.5"}}
[12:10:23.683] Loaded content of '/home/islom/.cache/typescript/4.7/package-lock.json'
[12:10:23.857] Adding entry into typings cache: 'babel__core' => '/home/islom/.cache/typescript/4.7/node_modules/@types/babel__core/index.d.ts'
[12:10:23.923] Adding entry into typings cache: 'babel__preset-env' => '/home/islom/.cache/typescript/4.7/node_modules/@types/babel__preset-env/index.d.ts'
[12:10:23.978] Adding entry into typings cache: 'balanced-match' => '/home/islom/.cache/typescript/4.7/node_modules/@types/balanced-match/index.d.ts'
[12:10:24.014] Adding entry into typings cache: 'brace-expansion' => '/home/islom/.cache/typescript/4.7/node_modules/@types/brace-expansion/index.d.ts'
[12:10:24.026] Adding entry into typings cache: 'concat-map' => '/home/islom/.cache/typescript/4.7/node_modules/@types/concat-map/index.d.ts'
[12:10:24.039] Adding entry into typings cache: 'debug' => '/home/islom/.cache/typescript/4.7/node_modules/@types/debug/index.d.ts'
[12:10:24.074] Adding entry into typings cache: 'eslint' => '/home/islom/.cache/typescript/4.7/node_modules/@types/eslint/index.d.ts'
[12:10:24.192] Adding entry into typings cache: 'htmlparser2' => '/home/islom/.cache/typescript/4.7/node_modules/@types/htmlparser2/index.d.ts'
[12:10:24.340] Adding entry into typings cache: 'inquirer' => '/home/islom/.cache/typescript/4.7/node_modules/@types/inquirer/index.d.ts'
[12:10:24.379] Adding entry into typings cache: 'jest' => '/home/islom/.cache/typescript/4.7/node_modules/@types/jest/index.d.ts'
[12:10:24.428] Adding entry into typings cache: 'lodash' => '/home/islom/.cache/typescript/4.7/node_modules/@types/lodash/index.d.ts'
[12:10:24.482] Adding entry into typings cache: 'mime' => '/home/islom/.cache/typescript/4.7/node_modules/@types/mime/index.d.ts'
[12:10:24.528] Adding entry into typings cache: 'minimatch' => '/home/islom/.cache/typescript/4.7/node_modules/@types/minimatch/index.d.ts'
[12:10:24.626] Adding entry into typings cache: 'node' => '/home/islom/.cache/typescript/4.7/node_modules/@types/node/index.d.ts'
[12:10:24.652] Adding entry into typings cache: 'node-localstorage' => '/home/islom/.cache/typescript/4.7/node_modules/@types/node-localstorage/index.d.ts'
[12:10:24.708] Adding entry into typings cache: 'nodemon' => '/home/islom/.cache/typescript/4.7/node_modules/@types/nodemon/index.d.ts'
[12:10:24.796] Adding entry into typings cache: 'nprogress' => '/home/islom/.cache/typescript/4.7/node_modules/@types/nprogress/index.d.ts'
[12:10:24.852] Adding entry into typings cache: 'pako' => '/home/islom/.cache/typescript/4.7/node_modules/@types/pako/index.d.ts'
[12:10:24.897] Adding entry into typings cache: 'path-browserify' => '/home/islom/.cache/typescript/4.7/node_modules/@types/path-browserify/index.d.ts'
[12:10:24.983] Adding entry into typings cache: 'prettier' => '/home/islom/.cache/typescript/4.7/node_modules/@types/prettier/index.d.ts'
[12:10:25.022] Adding entry into typings cache: 'react' => '/home/islom/.cache/typescript/4.7/node_modules/@types/react/index.d.ts'
[12:10:25.029] Adding entry into typings cache: 'react-dom' => '/home/islom/.cache/typescript/4.7/node_modules/@types/react-dom/index.d.ts'
[12:10:25.051] Adding entry into typings cache: 'react-simple-maps' => '/home/islom/.cache/typescript/4.7/node_modules/@types/react-simple-maps/index.d.ts'
[12:10:25.079] Adding entry into typings cache: 'sharp' => '/home/islom/.cache/typescript/4.7/node_modules/@types/sharp/index.d.ts'
[12:10:25.198] Adding entry into typings cache: 'supports-color' => '/home/islom/.cache/typescript/4.7/node_modules/@types/supports-color/index.d.ts'
[12:10:25.322] Adding entry into typings cache: 'utf-8-validate' => '/home/islom/.cache/typescript/4.7/node_modules/@types/utf-8-validate/index.d.ts'
[12:10:25.395] Adding entry into typings cache: 'webpack' => '/home/islom/.cache/typescript/4.7/node_modules/webpack/types.d.ts'
[12:10:25.440] Adding entry into typings cache: 'websocket' => '/home/islom/.cache/typescript/4.7/node_modules/@types/websocket/index.d.ts'
[12:10:25.440] Finished processing cache location '/home/islom/.cache/typescript/4.7'
[12:10:25.441] Process id: 17787
[12:10:25.441] NPM location: /home/islom/.nvm/versions/node/v16.14.2/bin/npm (explicit '--npmLocation' not  provided)
[12:10:25.441] validateDefaultNpmLocation: false
[12:10:25.441] Npm config file: /home/islom/.cache/typescript/4.7/package.json
[12:10:25.442] Updating types-registry npm package...
[12:10:25.442] Exec: /home/islom/.nvm/versions/node/v16.14.2/bin/npm install --ignore-scripts types-registry@latest
[12:10:33.064]     Succeeded. stdout:
    
    up to date, audited 144 packages in 6s

12 packages are looking for funding
  run `npm fund` for details

found 0 vulnerabilities

[12:10:33.065] Updated types-registry npm package
[12:11:32.669] Got install request {"projectName":"/dev/null/inferredProject1*","fileNames":["/home/islom/Projects/Next/travel-app/node_modules/typescript/lib/lib.es5.d.ts","/home/islom/Projects/Next/travel-app/node_modules/typescript/lib/lib.es2015.d.ts","/home/islom/Projects/Next/travel-app/node_modules/typescript/lib/lib.es2016.d.ts","/home/islom/Projects/Next/travel-app/node_modules/typescript/lib/lib.dom.d.ts","/home/islom/Projects/Next/travel-app/node_modules/typescript/lib/lib.dom.iterable.d.ts","/home/islom/Projects/Next/travel-app/node_modules/typescript/lib/lib.webworker.importscripts.d.ts","/home/islom/Projects/Next/travel-app/node_modules/typescript/lib/lib.scripthost.d.ts","/home/islom/Projects/Next/travel-app/node_modules/typescript/lib/lib.es2015.core.d.ts","/home/islom/Projects/Next/travel-app/node_modules/typescript/lib/lib.es2015.collection.d.ts","/home/islom/Projects/Next/travel-app/node_modules/typescript/lib/lib.es2015.generator.d.ts","/home/islom/Projects/Next/travel-app/node_modules/typescript/lib/lib.es2015.iterable.d.ts","/home/islom/Projects/Next/travel-app/node_modules/typescript/lib/lib.es2015.promise.d.ts","/home/islom/Projects/Next/travel-app/node_modules/typescript/lib/lib.es2015.proxy.d.ts","/home/islom/Projects/Next/travel-app/node_modules/typescript/lib/lib.es2015.reflect.d.ts","/home/islom/Projects/Next/travel-app/node_modules/typescript/lib/lib.es2015.symbol.d.ts","/home/islom/Projects/Next/travel-app/node_modules/typescript/lib/lib.es2015.symbol.wellknown.d.ts","/home/islom/Projects/Next/travel-app/node_modules/typescript/lib/lib.es2016.array.include.d.ts","/home/islom/Projects/Next/travel-app/node_modules/typescript/lib/lib.es2016.full.d.ts","/home/islom/Projects/Next/travel-app/travel-app/schemas/post.js"],"compilerOptions":{"module":1,"target":3,"jsx":1,"allowJs":true,"allowSyntheticDefaultImports":true,"allowNonTsExtensions":true,"noEmitForJsFiles":true,"maxNodeModuleJsDepth":2},"typeAcquisition":{"enable":true,"include":[],"exclude":[]},"unresolvedImports":[],"projectRootPath":"/home/islom/Projects/Next/travel-app/travel-app/schemas","kind":"discover"}
[12:11:32.806] Loaded safelist from types map file '/home/islom/Projects/Next/travel-app/node_modules/typescript/lib/typesMap.json'
[12:11:32.807] Explicitly included types: []
[12:11:32.809] Inferred typings from unresolved imports: []
[12:11:32.810] Result: {"cachedTypingPaths":[],"newTypingNames":[],"filesToWatch":["/home/islom/Projects/Next/travel-app/travel-app/schemas/bower_components","/home/islom/Projects/Next/travel-app/travel-app/schemas/node_modules"]}
[12:11:32.810] Finished typings discovery: {"cachedTypingPaths":[],"newTypingNames":[],"filesToWatch":["/home/islom/Projects/Next/travel-app/travel-app/schemas/bower_components","/home/islom/Projects/Next/travel-app/travel-app/schemas/node_modules"]}
[12:11:32.812] DirectoryWatcher:: Added:: WatchInfo: /home/islom/Projects/Next/travel-app/travel-app/schemas/bower_components
[12:11:32.813] DirectoryWatcher:: Added:: WatchInfo: /home/islom/Projects/Next/travel-app/travel-app/schemas/bower_components 1 undefined Project: /dev/null/inferredProject1* watcher already invoked: false
[12:11:32.837] Elapsed:: 23.480026999954134ms DirectoryWatcher:: Added:: WatchInfo: /home/islom/Projects/Next/travel-app/travel-app/schemas/bower_components 1 undefined Project: /dev/null/inferredProject1* watcher already invoked: false
[12:11:32.837] DirectoryWatcher:: Added:: WatchInfo: /home/islom/Projects/Next/travel-app/travel-app/schemas/node_modules
[12:11:32.838] DirectoryWatcher:: Added:: WatchInfo: /home/islom/Projects/Next/travel-app/travel-app/schemas/node_modules 1 undefined Project: /dev/null/inferredProject1* watcher already invoked: false
[12:11:32.838] Elapsed:: 0.382602000143379ms DirectoryWatcher:: Added:: WatchInfo: /home/islom/Projects/Next/travel-app/travel-app/schemas/node_modules 1 undefined Project: /dev/null/inferredProject1* watcher already invoked: false
[12:11:32.839] Sending response:
    {"projectName":"/dev/null/inferredProject1*","typeAcquisition":{"enable":true,"include":[],"exclude":[]},"compilerOptions":{"module":1,"target":3,"jsx":1,"allowJs":true,"allowSyntheticDefaultImports":true,"allowNonTsExtensions":true,"noEmitForJsFiles":true,"maxNodeModuleJsDepth":2},"typings":[],"unresolvedImports":[],"kind":"action::set"}
[12:11:32.840] Response has been sent.
[12:11:32.840] No new typings were requested as a result of typings discovery
[12:12:31.698] Got install request {"projectName":"/dev/null/inferredProject2*","fileNames":["/home/islom/Projects/Next/travel-app/node_modules/typescript/lib/lib.es5.d.ts","/home/islom/Projects/Next/travel-app/node_modules/typescript/lib/lib.es2015.d.ts","/home/islom/Projects/Next/travel-app/node_modules/typescript/lib/lib.es2016.d.ts","/home/islom/Projects/Next/travel-app/node_modules/typescript/lib/lib.dom.d.ts","/home/islom/Projects/Next/travel-app/node_modules/typescript/lib/lib.dom.iterable.d.ts","/home/islom/Projects/Next/travel-app/node_modules/typescript/lib/lib.webworker.importscripts.d.ts","/home/islom/Projects/Next/travel-app/node_modules/typescript/lib/lib.scripthost.d.ts","/home/islom/Projects/Next/travel-app/node_modules/typescript/lib/lib.es2015.core.d.ts","/home/islom/Projects/Next/travel-app/node_modules/typescript/lib/lib.es2015.collection.d.ts","/home/islom/Projects/Next/travel-app/node_modules/typescript/lib/lib.es2015.generator.d.ts","/home/islom/Projects/Next/travel-app/node_modules/typescript/lib/lib.es2015.iterable.d.ts","/home/islom/Projects/Next/travel-app/node_modules/typescript/lib/lib.es2015.promise.d.ts","/home/islom/Projects/Next/travel-app/node_modules/typescript/lib/lib.es2015.proxy.d.ts","/home/islom/Projects/Next/travel-app/node_modules/typescript/lib/lib.es2015.reflect.d.ts","/home/islom/Projects/Next/travel-app/node_modules/typescript/lib/lib.es2015.symbol.d.ts","/home/islom/Projects/Next/travel-app/node_modules/typescript/lib/lib.es2015.symbol.wellknown.d.ts","/home/islom/Projects/Next/travel-app/node_modules/typescript/lib/lib.es2016.array.include.d.ts","/home/islom/Projects/Next/travel-app/node_modules/typescript/lib/lib.es2016.full.d.ts","/home/islom/Projects/Next/travel-app/travel-app/schemas/placs.js"],"compilerOptions":{"module":1,"target":3,"jsx":1,"allowJs":true,"allowSyntheticDefaultImports":true,"allowNonTsExtensions":true,"noEmitForJsFiles":true,"maxNodeModuleJsDepth":2},"typeAcquisition":{"enable":true,"include":[],"exclude":[]},"unresolvedImports":[],"projectRootPath":"/home/islom/Projects/Next/travel-app/travel-app/schemas","kind":"discover"}
[12:12:31.699] Explicitly included types: []
[12:12:31.701] Inferred typings from unresolved imports: []
[12:12:31.702] Result: {"cachedTypingPaths":[],"newTypingNames":[],"filesToWatch":["/home/islom/Projects/Next/travel-app/travel-app/schemas/bower_components","/home/islom/Projects/Next/travel-app/travel-app/schemas/node_modules"]}
[12:12:31.703] Finished typings discovery: {"cachedTypingPaths":[],"newTypingNames":[],"filesToWatch":["/home/islom/Projects/Next/travel-app/travel-app/schemas/bower_components","/home/islom/Projects/Next/travel-app/travel-app/schemas/node_modules"]}
[12:12:31.704] DirectoryWatcher:: Added:: WatchInfo: /home/islom/Projects/Next/travel-app/travel-app/schemas/bower_components
[12:12:31.704] DirectoryWatcher:: Added:: WatchInfo: /home/islom/Projects/Next/travel-app/travel-app/schemas/bower_components 1 undefined Project: /dev/null/inferredProject2* watcher already invoked: false
[12:12:31.705] Elapsed:: 0.22872600005939603ms DirectoryWatcher:: Added:: WatchInfo: /home/islom/Projects/Next/travel-app/travel-app/schemas/bower_components 1 undefined Project: /dev/null/inferredProject2* watcher already invoked: false
[12:12:31.707] DirectoryWatcher:: Added:: WatchInfo: /home/islom/Projects/Next/travel-app/travel-app/schemas/node_modules
[12:12:31.708] DirectoryWatcher:: Added:: WatchInfo: /home/islom/Projects/Next/travel-app/travel-app/schemas/node_modules 1 undefined Project: /dev/null/inferredProject2* watcher already invoked: false
[12:12:31.709] Elapsed:: 1.2883409997448325ms DirectoryWatcher:: Added:: WatchInfo: /home/islom/Projects/Next/travel-app/travel-app/schemas/node_modules 1 undefined Project: /dev/null/inferredProject2* watcher already invoked: false
[12:12:31.711] Sending response:
    {"projectName":"/dev/null/inferredProject2*","typeAcquisition":{"enable":true,"include":[],"exclude":[]},"compilerOptions":{"module":1,"target":3,"jsx":1,"allowJs":true,"allowSyntheticDefaultImports":true,"allowNonTsExtensions":true,"noEmitForJsFiles":true,"maxNodeModuleJsDepth":2},"typings":[],"unresolvedImports":[],"kind":"action::set"}
[12:12:31.713] Response has been sent.
[12:12:31.716] No new typings were requested as a result of typings discovery
[12:13:30.207] Got install request {"projectName":"/dev/null/inferredProject1*","fileNames":["/home/islom/Projects/Next/travel-app/node_modules/typescript/lib/lib.es5.d.ts","/home/islom/Projects/Next/travel-app/node_modules/typescript/lib/lib.es2015.d.ts","/home/islom/Projects/Next/travel-app/node_modules/typescript/lib/lib.es2016.d.ts","/home/islom/Projects/Next/travel-app/node_modules/typescript/lib/lib.dom.d.ts","/home/islom/Projects/Next/travel-app/node_modules/typescript/lib/lib.dom.iterable.d.ts","/home/islom/Projects/Next/travel-app/node_modules/typescript/lib/lib.webworker.importscripts.d.ts","/home/islom/Projects/Next/travel-app/node_modules/typescript/lib/lib.scripthost.d.ts","/home/islom/Projects/Next/travel-app/node_modules/typescript/lib/lib.es2015.core.d.ts","/home/islom/Projects/Next/travel-app/node_modules/typescript/lib/lib.es2015.collection.d.ts","/home/islom/Projects/Next/travel-app/node_modules/typescript/lib/lib.es2015.generator.d.ts","/home/islom/Projects/Next/travel-app/node_modules/typescript/lib/lib.es2015.iterable.d.ts","/home/islom/Projects/Next/travel-app/node_modules/typescript/lib/lib.es2015.promise.d.ts","/home/islom/Projects/Next/travel-app/node_modules/typescript/lib/lib.es2015.proxy.d.ts","/home/islom/Projects/Next/travel-app/node_modules/typescript/lib/lib.es2015.reflect.d.ts","/home/islom/Projects/Next/travel-app/node_modules/typescript/lib/lib.es2015.symbol.d.ts","/home/islom/Projects/Next/travel-app/node_modules/typescript/lib/lib.es2015.symbol.wellknown.d.ts","/home/islom/Projects/Next/travel-app/node_modules/typescript/lib/lib.es2016.array.include.d.ts","/home/islom/Projects/Next/travel-app/node_modules/typescript/lib/lib.es2016.full.d.ts","/home/islom/Projects/Next/travel-app/travel-app/schemas/placs.js"],"compilerOptions":{"module":1,"target":3,"jsx":1,"allowJs":true,"allowSyntheticDefaultImports":true,"allowNonTsExtensions":true,"noEmitForJsFiles":true,"maxNodeModuleJsDepth":2},"typeAcquisition":{"enable":true,"include":[],"exclude":[]},"unresolvedImports":[],"projectRootPath":"/home/islom/Projects/Next/travel-app/travel-app/schemas","kind":"discover"}
[12:13:30.207] Explicitly included types: []
[12:13:30.209] Inferred typings from unresolved imports: []
[12:13:30.209] Result: {"cachedTypingPaths":[],"newTypingNames":[],"filesToWatch":["/home/islom/Projects/Next/travel-app/travel-app/schemas/bower_components","/home/islom/Projects/Next/travel-app/travel-app/schemas/node_modules"]}
[12:13:30.209] Finished typings discovery: {"cachedTypingPaths":[],"newTypingNames":[],"filesToWatch":["/home/islom/Projects/Next/travel-app/travel-app/schemas/bower_components","/home/islom/Projects/Next/travel-app/travel-app/schemas/node_modules"]}
[12:13:30.211] Sending response:
    {"projectName":"/dev/null/inferredProject1*","typeAcquisition":{"enable":true,"include":[],"exclude":[]},"compilerOptions":{"module":1,"target":3,"jsx":1,"allowJs":true,"allowSyntheticDefaultImports":true,"allowNonTsExtensions":true,"noEmitForJsFiles":true,"maxNodeModuleJsDepth":2},"typings":[],"unresolvedImports":[],"kind":"action::set"}
[12:13:30.211] Response has been sent.
[12:13:30.211] No new typings were requested as a result of typings discovery
[12:43:01.109] Got install request {"projectName":"/dev/null/inferredProject3*","fileNames":["/home/islom/Projects/Next/travel-app/node_modules/typescript/lib/lib.es5.d.ts","/home/islom/Projects/Next/travel-app/node_modules/typescript/lib/lib.es2015.d.ts","/home/islom/Projects/Next/travel-app/node_modules/typescript/lib/lib.es2016.d.ts","/home/islom/Projects/Next/travel-app/node_modules/typescript/lib/lib.dom.d.ts","/home/islom/Projects/Next/travel-app/node_modules/typescript/lib/lib.dom.iterable.d.ts","/home/islom/Projects/Next/travel-app/node_modules/typescript/lib/lib.webworker.importscripts.d.ts","/home/islom/Projects/Next/travel-app/node_modules/typescript/lib/lib.scripthost.d.ts","/home/islom/Projects/Next/travel-app/node_modules/typescript/lib/lib.es2015.core.d.ts","/home/islom/Projects/Next/travel-app/node_modules/typescript/lib/lib.es2015.collection.d.ts","/home/islom/Projects/Next/travel-app/node_modules/typescript/lib/lib.es2015.generator.d.ts","/home/islom/Projects/Next/travel-app/node_modules/typescript/lib/lib.es2015.iterable.d.ts","/home/islom/Projects/Next/travel-app/node_modules/typescript/lib/lib.es2015.promise.d.ts","/home/islom/Projects/Next/travel-app/node_modules/typescript/lib/lib.es2015.proxy.d.ts","/home/islom/Projects/Next/travel-app/node_modules/typescript/lib/lib.es2015.reflect.d.ts","/home/islom/Projects/Next/travel-app/node_modules/typescript/lib/lib.es2015.symbol.d.ts","/home/islom/Projects/Next/travel-app/node_modules/typescript/lib/lib.es2015.symbol.wellknown.d.ts","/home/islom/Projects/Next/travel-app/node_modules/typescript/lib/lib.es2016.array.include.d.ts","/home/islom/Projects/Next/travel-app/node_modules/typescript/lib/lib.es2016.full.d.ts","/home/islom/Projects/Next/travel-app/travel-app/schemas/blockContent.js","/home/islom/Projects/Next/travel-app/travel-app/schemas/schema.js"],"compilerOptions":{"module":1,"target":3,"jsx":1,"allowJs":true,"allowSyntheticDefaultImports":true,"allowNonTsExtensions":true,"noEmitForJsFiles":true,"maxNodeModuleJsDepth":2},"typeAcquisition":{"enable":true,"include":[],"exclude":[]},"unresolvedImports":["all:part:@sanity","part:@sanity"],"projectRootPath":"/home/islom/Projects/Next/travel-app/travel-app/schemas","kind":"discover"}
[12:43:01.132] Explicitly included types: []
[12:43:01.134] Inferred typings from unresolved imports: ["all:part:@sanity","part:@sanity"]
[12:43:01.134] Result: {"cachedTypingPaths":[],"newTypingNames":["all:part:@sanity","part:@sanity"],"filesToWatch":["/home/islom/Projects/Next/travel-app/travel-app/schemas/bower_components","/home/islom/Projects/Next/travel-app/travel-app/schemas/node_modules"]}
[12:43:01.134] Finished typings discovery: {"cachedTypingPaths":[],"newTypingNames":["all:part:@sanity","part:@sanity"],"filesToWatch":["/home/islom/Projects/Next/travel-app/travel-app/schemas/bower_components","/home/islom/Projects/Next/travel-app/travel-app/schemas/node_modules"]}
[12:43:01.135] DirectoryWatcher:: Added:: WatchInfo: /home/islom/Projects/Next/travel-app/travel-app/schemas/bower_components
[12:43:01.135] DirectoryWatcher:: Added:: WatchInfo: /home/islom/Projects/Next/travel-app/travel-app/schemas/bower_components 1 undefined Project: /dev/null/inferredProject3* watcher already invoked: false
[12:43:01.135] Elapsed:: 0.05892500001937151ms DirectoryWatcher:: Added:: WatchInfo: /home/islom/Projects/Next/travel-app/travel-app/schemas/bower_components 1 undefined Project: /dev/null/inferredProject3* watcher already invoked: false
[12:43:01.135] DirectoryWatcher:: Added:: WatchInfo: /home/islom/Projects/Next/travel-app/travel-app/schemas/node_modules
[12:43:01.135] DirectoryWatcher:: Added:: WatchInfo: /home/islom/Projects/Next/travel-app/travel-app/schemas/node_modules 1 undefined Project: /dev/null/inferredProject3* watcher already invoked: false
[12:43:01.136] Elapsed:: 0.0327120004221797ms DirectoryWatcher:: Added:: WatchInfo: /home/islom/Projects/Next/travel-app/travel-app/schemas/node_modules 1 undefined Project: /dev/null/inferredProject3* watcher already invoked: false
[12:43:01.136] Installing typings ["all:part:@sanity","part:@sanity"]
[12:43:01.138] 'all:part:@sanity':: Package name 'all:part:@sanity' contains non URI safe characters
[12:43:01.138] 'part:@sanity':: Package name 'part:@sanity' contains non URI safe characters
[12:43:01.139] All typings are known to be missing or invalid - no need to install more typings
[12:43:01.139] Sending response:
    {"projectName":"/dev/null/inferredProject3*","typeAcquisition":{"enable":true,"include":[],"exclude":[]},"compilerOptions":{"module":1,"target":3,"jsx":1,"allowJs":true,"allowSyntheticDefaultImports":true,"allowNonTsExtensions":true,"noEmitForJsFiles":true,"maxNodeModuleJsDepth":2},"typings":[],"unresolvedImports":["all:part:@sanity","part:@sanity"],"kind":"action::set"}
[12:43:01.139] Response has been sent.
[12:58:54.012] Got install request {"projectName":"/dev/null/inferredProject3*","fileNames":["/home/islom/Projects/Next/travel-app/node_modules/typescript/lib/lib.es5.d.ts","/home/islom/Projects/Next/travel-app/node_modules/typescript/lib/lib.es2015.d.ts","/home/islom/Projects/Next/travel-app/node_modules/typescript/lib/lib.es2016.d.ts","/home/islom/Projects/Next/travel-app/node_modules/typescript/lib/lib.dom.d.ts","/home/islom/Projects/Next/travel-app/node_modules/typescript/lib/lib.dom.iterable.d.ts","/home/islom/Projects/Next/travel-app/node_modules/typescript/lib/lib.webworker.importscripts.d.ts","/home/islom/Projects/Next/travel-app/node_modules/typescript/lib/lib.scripthost.d.ts","/home/islom/Projects/Next/travel-app/node_modules/typescript/lib/lib.es2015.core.d.ts","/home/islom/Projects/Next/travel-app/node_modules/typescript/lib/lib.es2015.collection.d.ts","/home/islom/Projects/Next/travel-app/node_modules/typescript/lib/lib.es2015.generator.d.ts","/home/islom/Projects/Next/travel-app/node_modules/typescript/lib/lib.es2015.iterable.d.ts","/home/islom/Projects/Next/travel-app/node_modules/typescript/lib/lib.es2015.promise.d.ts","/home/islom/Projects/Next/travel-app/node_modules/typescript/lib/lib.es2015.proxy.d.ts","/home/islom/Projects/Next/travel-app/node_modules/typescript/lib/lib.es2015.reflect.d.ts","/home/islom/Projects/Next/travel-app/node_modules/typescript/lib/lib.es2015.symbol.d.ts","/home/islom/Projects/Next/travel-app/node_modules/typescript/lib/lib.es2015.symbol.wellknown.d.ts","/home/islom/Projects/Next/travel-app/node_modules/typescript/lib/lib.es2016.array.include.d.ts","/home/islom/Projects/Next/travel-app/node_modules/typescript/lib/lib.es2016.full.d.ts","/home/islom/Projects/Next/travel-app/travel-app/schemas/blockContent.js","/home/islom/Projects/Next/travel-app/travel-app/schemas/placs.js","/home/islom/Projects/Next/travel-app/travel-app/schemas/schema.js"],"compilerOptions":{"module":1,"target":3,"jsx":1,"allowJs":true,"allowSyntheticDefaultImports":true,"allowNonTsExtensions":true,"noEmitForJsFiles":true,"maxNodeModuleJsDepth":2},"typeAcquisition":{"enable":true,"include":[],"exclude":[]},"unresolvedImports":["all:part:@sanity","part:@sanity"],"projectRootPath":"/home/islom/Projects/Next/travel-app/travel-app/schemas","kind":"discover"}
[12:58:54.430] Explicitly included types: []
[12:58:54.569] Inferred typings from unresolved imports: ["all:part:@sanity","part:@sanity"]
[12:58:54.581] Result: {"cachedTypingPaths":[],"newTypingNames":["all:part:@sanity","part:@sanity"],"filesToWatch":["/home/islom/Projects/Next/travel-app/travel-app/schemas/bower_components","/home/islom/Projects/Next/travel-app/travel-app/schemas/node_modules"]}
[12:58:54.581] Finished typings discovery: {"cachedTypingPaths":[],"newTypingNames":["all:part:@sanity","part:@sanity"],"filesToWatch":["/home/islom/Projects/Next/travel-app/travel-app/schemas/bower_components","/home/islom/Projects/Next/travel-app/travel-app/schemas/node_modules"]}
[12:58:54.636] Installing typings ["all:part:@sanity","part:@sanity"]
[12:58:54.665] 'all:part:@sanity':: 'all:part:@sanity' is in missingTypingsSet - skipping...
[12:58:54.665] 'part:@sanity':: 'part:@sanity' is in missingTypingsSet - skipping...
[12:58:54.665] All typings are known to be missing or invalid - no need to install more typings
[12:58:54.677] Sending response:
    {"projectName":"/dev/null/inferredProject3*","typeAcquisition":{"enable":true,"include":[],"exclude":[]},"compilerOptions":{"module":1,"target":3,"jsx":1,"allowJs":true,"allowSyntheticDefaultImports":true,"allowNonTsExtensions":true,"noEmitForJsFiles":true,"maxNodeModuleJsDepth":2},"typings":[],"unresolvedImports":["all:part:@sanity","part:@sanity"],"kind":"action::set"}
[12:58:54.678] Response has been sent.
[13:21:25.164] Got install request {"projectName":"/dev/null/inferredProject1*","fileNames":[],"compilerOptions":{"module":1,"target":3,"jsx":1,"allowJs":true,"allowSyntheticDefaultImports":true,"allowNonTsExtensions":true,"noEmitForJsFiles":true},"typeAcquisition":{"enable":true,"include":[],"exclude":[]},"unresolvedImports":[],"projectRootPath":"/home/islom/Projects/Next/travel-app/travel-app/schemas","kind":"discover"}
[13:21:25.189] Explicitly included types: []
[13:21:25.189] Inferred typings from unresolved imports: []
[13:21:25.190] Result: {"cachedTypingPaths":[],"newTypingNames":[],"filesToWatch":["/home/islom/Projects/Next/travel-app/travel-app/schemas/bower_components","/home/islom/Projects/Next/travel-app/travel-app/schemas/node_modules"]}
[13:21:25.190] Finished typings discovery: {"cachedTypingPaths":[],"newTypingNames":[],"filesToWatch":["/home/islom/Projects/Next/travel-app/travel-app/schemas/bower_components","/home/islom/Projects/Next/travel-app/travel-app/schemas/node_modules"]}
[13:21:25.190] Sending response:
    {"projectName":"/dev/null/inferredProject1*","typeAcquisition":{"enable":true,"include":[],"exclude":[]},"compilerOptions":{"module":1,"target":3,"jsx":1,"allowJs":true,"allowSyntheticDefaultImports":true,"allowNonTsExtensions":true,"noEmitForJsFiles":true},"typings":[],"unresolvedImports":[],"kind":"action::set"}
[13:21:25.191] Response has been sent.
[13:21:25.191] No new typings were requested as a result of typings discovery
[13:21:30.254] Got install request {"projectName":"/dev/null/inferredProject3*","fileNames":["/home/islom/Projects/Next/travel-app/node_modules/typescript/lib/lib.es5.d.ts","/home/islom/Projects/Next/travel-app/node_modules/typescript/lib/lib.es2015.d.ts","/home/islom/Projects/Next/travel-app/node_modules/typescript/lib/lib.es2016.d.ts","/home/islom/Projects/Next/travel-app/node_modules/typescript/lib/lib.dom.d.ts","/home/islom/Projects/Next/travel-app/node_modules/typescript/lib/lib.dom.iterable.d.ts","/home/islom/Projects/Next/travel-app/node_modules/typescript/lib/lib.webworker.importscripts.d.ts","/home/islom/Projects/Next/travel-app/node_modules/typescript/lib/lib.scripthost.d.ts","/home/islom/Projects/Next/travel-app/node_modules/typescript/lib/lib.es2015.core.d.ts","/home/islom/Projects/Next/travel-app/node_modules/typescript/lib/lib.es2015.collection.d.ts","/home/islom/Projects/Next/travel-app/node_modules/typescript/lib/lib.es2015.generator.d.ts","/home/islom/Projects/Next/travel-app/node_modules/typescript/lib/lib.es2015.iterable.d.ts","/home/islom/Projects/Next/travel-app/node_modules/typescript/lib/lib.es2015.promise.d.ts","/home/islom/Projects/Next/travel-app/node_modules/typescript/lib/lib.es2015.proxy.d.ts","/home/islom/Projects/Next/travel-app/node_modules/typescript/lib/lib.es2015.reflect.d.ts","/home/islom/Projects/Next/travel-app/node_modules/typescript/lib/lib.es2015.symbol.d.ts","/home/islom/Projects/Next/travel-app/node_modules/typescript/lib/lib.es2015.symbol.wellknown.d.ts","/home/islom/Projects/Next/travel-app/node_modules/typescript/lib/lib.es2016.array.include.d.ts","/home/islom/Projects/Next/travel-app/node_modules/typescript/lib/lib.es2016.full.d.ts","/home/islom/Projects/Next/travel-app/travel-app/schemas/blockContent.js","/home/islom/Projects/Next/travel-app/travel-app/schemas/schema.js"],"compilerOptions":{"module":1,"target":3,"jsx":1,"allowJs":true,"allowSyntheticDefaultImports":true,"allowNonTsExtensions":true,"noEmitForJsFiles":true,"maxNodeModuleJsDepth":2},"typeAcquisition":{"enable":true,"include":[],"exclude":[]},"unresolvedImports":["all:part:@sanity","part:@sanity"],"projectRootPath":"/home/islom/Projects/Next/travel-app/travel-app/schemas","kind":"discover"}
[13:21:30.254] Explicitly included types: []
[13:21:30.275] Inferred typings from unresolved imports: ["all:part:@sanity","part:@sanity"]
[13:21:30.276] Result: {"cachedTypingPaths":[],"newTypingNames":["all:part:@sanity","part:@sanity"],"filesToWatch":["/home/islom/Projects/Next/travel-app/travel-app/schemas/bower_components","/home/islom/Projects/Next/travel-app/travel-app/schemas/node_modules"]}
[13:21:30.276] Finished typings discovery: {"cachedTypingPaths":[],"newTypingNames":["all:part:@sanity","part:@sanity"],"filesToWatch":["/home/islom/Projects/Next/travel-app/travel-app/schemas/bower_components","/home/islom/Projects/Next/travel-app/travel-app/schemas/node_modules"]}
[13:21:30.276] Installing typings ["all:part:@sanity","part:@sanity"]
[13:21:30.276] 'all:part:@sanity':: 'all:part:@sanity' is in missingTypingsSet - skipping...
[13:21:30.276] 'part:@sanity':: 'part:@sanity' is in missingTypingsSet - skipping...
[13:21:30.276] All typings are known to be missing or invalid - no need to install more typings
[13:21:30.276] Sending response:
    {"projectName":"/dev/null/inferredProject3*","typeAcquisition":{"enable":true,"include":[],"exclude":[]},"compilerOptions":{"module":1,"target":3,"jsx":1,"allowJs":true,"allowSyntheticDefaultImports":true,"allowNonTsExtensions":true,"noEmitForJsFiles":true,"maxNodeModuleJsDepth":2},"typings":[],"unresolvedImports":["all:part:@sanity","part:@sanity"],"kind":"action::set"}
[13:21:30.277] Response has been sent.
[13:21:39.409] Got install request {"projectName":"/dev/null/inferredProject3*","fileNames":["/home/islom/Projects/Next/travel-app/node_modules/typescript/lib/lib.es5.d.ts","/home/islom/Projects/Next/travel-app/node_modules/typescript/lib/lib.es2015.d.ts","/home/islom/Projects/Next/travel-app/node_modules/typescript/lib/lib.es2016.d.ts","/home/islom/Projects/Next/travel-app/node_modules/typescript/lib/lib.dom.d.ts","/home/islom/Projects/Next/travel-app/node_modules/typescript/lib/lib.dom.iterable.d.ts","/home/islom/Projects/Next/travel-app/node_modules/typescript/lib/lib.webworker.importscripts.d.ts","/home/islom/Projects/Next/travel-app/node_modules/typescript/lib/lib.scripthost.d.ts","/home/islom/Projects/Next/travel-app/node_modules/typescript/lib/lib.es2015.core.d.ts","/home/islom/Projects/Next/travel-app/node_modules/typescript/lib/lib.es2015.collection.d.ts","/home/islom/Projects/Next/travel-app/node_modules/typescript/lib/lib.es2015.generator.d.ts","/home/islom/Projects/Next/travel-app/node_modules/typescript/lib/lib.es2015.iterable.d.ts","/home/islom/Projects/Next/travel-app/node_modules/typescript/lib/lib.es2015.promise.d.ts","/home/islom/Projects/Next/travel-app/node_modules/typescript/lib/lib.es2015.proxy.d.ts","/home/islom/Projects/Next/travel-app/node_modules/typescript/lib/lib.es2015.reflect.d.ts","/home/islom/Projects/Next/travel-app/node_modules/typescript/lib/lib.es2015.symbol.d.ts","/home/islom/Projects/Next/travel-app/node_modules/typescript/lib/lib.es2015.symbol.wellknown.d.ts","/home/islom/Projects/Next/travel-app/node_modules/typescript/lib/lib.es2016.array.include.d.ts","/home/islom/Projects/Next/travel-app/node_modules/typescript/lib/lib.es2016.full.d.ts","/home/islom/Projects/Next/travel-app/travel-app/schemas/blockContent.js","/home/islom/Projects/Next/travel-app/travel-app/schemas/place.js","/home/islom/Projects/Next/travel-app/travel-app/schemas/schema.js"],"compilerOptions":{"module":1,"target":3,"jsx":1,"allowJs":true,"allowSyntheticDefaultImports":true,"allowNonTsExtensions":true,"noEmitForJsFiles":true,"maxNodeModuleJsDepth":2},"typeAcquisition":{"enable":true,"include":[],"exclude":[]},"unresolvedImports":["all:part:@sanity","part:@sanity"],"projectRootPath":"/home/islom/Projects/Next/travel-app/travel-app/schemas","kind":"discover"}
[13:21:39.411] Explicitly included types: []
[13:21:39.414] Inferred typings from unresolved imports: ["all:part:@sanity","part:@sanity"]
[13:21:39.415] Result: {"cachedTypingPaths":[],"newTypingNames":["all:part:@sanity","part:@sanity"],"filesToWatch":["/home/islom/Projects/Next/travel-app/travel-app/schemas/bower_components","/home/islom/Projects/Next/travel-app/travel-app/schemas/node_modules"]}
[13:21:39.415] Finished typings discovery: {"cachedTypingPaths":[],"newTypingNames":["all:part:@sanity","part:@sanity"],"filesToWatch":["/home/islom/Projects/Next/travel-app/travel-app/schemas/bower_components","/home/islom/Projects/Next/travel-app/travel-app/schemas/node_modules"]}
[13:21:39.417] Installing typings ["all:part:@sanity","part:@sanity"]
[13:21:39.418] 'all:part:@sanity':: 'all:part:@sanity' is in missingTypingsSet - skipping...
[13:21:39.419] 'part:@sanity':: 'part:@sanity' is in missingTypingsSet - skipping...
[13:21:39.421] All typings are known to be missing or invalid - no need to install more typings
[13:21:39.421] Sending response:
    {"projectName":"/dev/null/inferredProject3*","typeAcquisition":{"enable":true,"include":[],"exclude":[]},"compilerOptions":{"module":1,"target":3,"jsx":1,"allowJs":true,"allowSyntheticDefaultImports":true,"allowNonTsExtensions":true,"noEmitForJsFiles":true,"maxNodeModuleJsDepth":2},"typings":[],"unresolvedImports":["all:part:@sanity","part:@sanity"],"kind":"action::set"}
[13:21:39.499] Response has been sent.
[13:57:52.305] Got install request {"projectName":"/dev/null/inferredProject4*","fileNames":["/home/islom/Projects/Next/travel-app/node_modules/typescript/lib/lib.es5.d.ts","/home/islom/Projects/Next/travel-app/node_modules/typescript/lib/lib.es2015.d.ts","/home/islom/Projects/Next/travel-app/node_modules/typescript/lib/lib.es2016.d.ts","/home/islom/Projects/Next/travel-app/node_modules/typescript/lib/lib.dom.d.ts","/home/islom/Projects/Next/travel-app/node_modules/typescript/lib/lib.dom.iterable.d.ts","/home/islom/Projects/Next/travel-app/node_modules/typescript/lib/lib.webworker.importscripts.d.ts","/home/islom/Projects/Next/travel-app/node_modules/typescript/lib/lib.scripthost.d.ts","/home/islom/Projects/Next/travel-app/node_modules/typescript/lib/lib.es2015.core.d.ts","/home/islom/Projects/Next/travel-app/node_modules/typescript/lib/lib.es2015.collection.d.ts","/home/islom/Projects/Next/travel-app/node_modules/typescript/lib/lib.es2015.generator.d.ts","/home/islom/Projects/Next/travel-app/node_modules/typescript/lib/lib.es2015.iterable.d.ts","/home/islom/Projects/Next/travel-app/node_modules/typescript/lib/lib.es2015.promise.d.ts","/home/islom/Projects/Next/travel-app/node_modules/typescript/lib/lib.es2015.proxy.d.ts","/home/islom/Projects/Next/travel-app/node_modules/typescript/lib/lib.es2015.reflect.d.ts","/home/islom/Projects/Next/travel-app/node_modules/typescript/lib/lib.es2015.symbol.d.ts","/home/islom/Projects/Next/travel-app/node_modules/typescript/lib/lib.es2015.symbol.wellknown.d.ts","/home/islom/Projects/Next/travel-app/node_modules/typescript/lib/lib.es2016.array.include.d.ts","/home/islom/Projects/Next/travel-app/node_modules/typescript/lib/lib.es2016.full.d.ts","/home/islom/Projects/Next/travel-app/travel-app/schemas/placs.js"],"compilerOptions":{"module":1,"target":3,"jsx":1,"allowJs":true,"allowSyntheticDefaultImports":true,"allowNonTsExtensions":true,"noEmitForJsFiles":true,"maxNodeModuleJsDepth":2},"typeAcquisition":{"enable":true,"include":[],"exclude":[]},"unresolvedImports":[],"projectRootPath":"/home/islom/Projects/Next/travel-app/travel-app/schemas","kind":"discover"}
[13:57:53.639] Explicitly included types: []
[13:57:54.157] Inferred typings from unresolved imports: []
[13:57:54.379] Result: {"cachedTypingPaths":[],"newTypingNames":[],"filesToWatch":["/home/islom/Projects/Next/travel-app/travel-app/schemas/bower_components","/home/islom/Projects/Next/travel-app/travel-app/schemas/node_modules"]}
[13:57:54.380] Finished typings discovery: {"cachedTypingPaths":[],"newTypingNames":[],"filesToWatch":["/home/islom/Projects/Next/travel-app/travel-app/schemas/bower_components","/home/islom/Projects/Next/travel-app/travel-app/schemas/node_modules"]}
[13:57:54.587] DirectoryWatcher:: Added:: WatchInfo: /home/islom/Projects/Next/travel-app/travel-app/schemas/bower_components
[13:57:54.662] DirectoryWatcher:: Added:: WatchInfo: /home/islom/Projects/Next/travel-app/travel-app/schemas/bower_components 1 undefined Project: /dev/null/inferredProject4* watcher already invoked: false
[13:57:54.701] Elapsed:: 9.736042000353336ms DirectoryWatcher:: Added:: WatchInfo: /home/islom/Projects/Next/travel-app/travel-app/schemas/bower_components 1 undefined Project: /dev/null/inferredProject4* watcher already invoked: false
[13:57:54.704] DirectoryWatcher:: Added:: WatchInfo: /home/islom/Projects/Next/travel-app/travel-app/schemas/node_modules
[13:57:54.705] DirectoryWatcher:: Added:: WatchInfo: /home/islom/Projects/Next/travel-app/travel-app/schemas/node_modules 1 undefined Project: /dev/null/inferredProject4* watcher already invoked: false
[13:57:54.706] Elapsed:: 0.16783799976110458ms DirectoryWatcher:: Added:: WatchInfo: /home/islom/Projects/Next/travel-app/travel-app/schemas/node_modules 1 undefined Project: /dev/null/inferredProject4* watcher already invoked: false
[13:57:54.720] Sending response:
    {"projectName":"/dev/null/inferredProject4*","typeAcquisition":{"enable":true,"include":[],"exclude":[]},"compilerOptions":{"module":1,"target":3,"jsx":1,"allowJs":true,"allowSyntheticDefaultImports":true,"allowNonTsExtensions":true,"noEmitForJsFiles":true,"maxNodeModuleJsDepth":2},"typings":[],"unresolvedImports":[],"kind":"action::set"}
[13:57:54.790] Response has been sent.
[13:57:54.792] No new typings were requested as a result of typings discovery
[14:34:48.657] Got install request {"projectName":"/dev/null/inferredProject5*","fileNames":[],"compilerOptions":{"module":1,"target":3,"jsx":1,"allowJs":true,"allowSyntheticDefaultImports":true,"allowNonTsExtensions":true,"noEmitForJsFiles":true},"typeAcquisition":{"enable":true,"include":[],"exclude":[]},"unresolvedImports":[],"projectRootPath":"/home/islom/Projects/Next/travel-app/app","kind":"discover"}
[14:34:48.870] Explicitly included types: []
[14:34:48.978] Inferred typings from unresolved imports: []
[14:34:49.123] Result: {"cachedTypingPaths":[],"newTypingNames":[],"filesToWatch":["/home/islom/Projects/Next/travel-app/app/bower_components","/home/islom/Projects/Next/travel-app/app/node_modules"]}
[14:34:49.124] Finished typings discovery: {"cachedTypingPaths":[],"newTypingNames":[],"filesToWatch":["/home/islom/Projects/Next/travel-app/app/bower_components","/home/islom/Projects/Next/travel-app/app/node_modules"]}
[14:34:49.211] DirectoryWatcher:: Added:: WatchInfo: /home/islom/Projects/Next/travel-app/app/bower_components
[14:34:49.259] DirectoryWatcher:: Added:: WatchInfo: /home/islom/Projects/Next/travel-app/app/bower_components 1 undefined Project: /dev/null/inferredProject5* watcher already invoked: false
[14:34:49.828] Elapsed:: 539.7481540013105ms DirectoryWatcher:: Added:: WatchInfo: /home/islom/Projects/Next/travel-app/app/bower_components 1 undefined Project: /dev/null/inferredProject5* watcher already invoked: false
[14:34:49.829] DirectoryWatcher:: Added:: WatchInfo: /home/islom/Projects/Next/travel-app/app/node_modules
[14:34:49.830] DirectoryWatcher:: Added:: WatchInfo: /home/islom/Projects/Next/travel-app/app/node_modules 1 undefined Project: /dev/null/inferredProject5* watcher already invoked: false
[14:34:49.835] Elapsed:: 2.840522998943925ms DirectoryWatcher:: Added:: WatchInfo: /home/islom/Projects/Next/travel-app/app/node_modules 1 undefined Project: /dev/null/inferredProject5* watcher already invoked: false
[14:34:49.894] Sending response:
    {"projectName":"/dev/null/inferredProject5*","typeAcquisition":{"enable":true,"include":[],"exclude":[]},"compilerOptions":{"module":1,"target":3,"jsx":1,"allowJs":true,"allowSyntheticDefaultImports":true,"allowNonTsExtensions":true,"noEmitForJsFiles":true},"typings":[],"unresolvedImports":[],"kind":"action::set"}
[14:34:50.078] Response has been sent.
[14:34:50.078] No new typings were requested as a result of typings discovery
