[16:37:14.538] Global cache location '/home/islom/.cache/typescript/4.7', safe file path '/home/islom/Projects/Next/travel-app/node_modules/typescript/lib/typingSafeList.json', types map path /home/islom/Projects/Next/travel-app/node_modules/typescript/lib/typesMap.json
[16:37:14.557] Processing cache location '/home/islom/.cache/typescript/4.7'
[16:37:14.557] Trying to find '/home/islom/.cache/typescript/4.7/package.json'...
[16:37:14.685] Loaded content of '/home/islom/.cache/typescript/4.7/package.json': {"private":true,"dependencies":{"types-registry":"^0.1.602"},"devDependencies":{"@types/babel__core":"^7.1.19","@types/babel__preset-env":"^7.9.2","@types/balanced-match":"^1.0.2","@types/brace-expansion":"^1.1.0","@types/concat-map":"^0.0.1","@types/debug":"^4.1.7","@types/eslint":"^8.4.5","@types/htmlparser2":"^3.10.3","@types/inquirer":"^8.2.1","@types/jest":"^28.1.5","@types/lodash":"^4.14.182","@types/mime":"^2.0.3","@types/minimatch":"^3.0.5","@types/node":"^18.0.4","@types/node-localstorage":"^1.3.0","@types/nodemon":"^1.19.2","@types/nprogress":"^0.2.0","@types/pako":"^2.0.0","@types/path-browserify":"^1.0.0","@types/prettier":"^2.6.3","@types/react":"^18.0.15","@types/react-dom":"^18.0.6","@types/react-simple-maps":"^1.0.8","@types/sharp":"^0.30.4","@types/supports-color":"^8.1.1","@types/utf-8-validate":"^5.0.0","@types/webpack":"^5.28.0","@types/websocket":"^1.0.5"}}
[16:37:14.685] Loaded content of '/home/islom/.cache/typescript/4.7/package-lock.json'
[16:37:14.930] Adding entry into typings cache: 'babel__core' => '/home/islom/.cache/typescript/4.7/node_modules/@types/babel__core/index.d.ts'
[16:37:15.061] Adding entry into typings cache: 'babel__preset-env' => '/home/islom/.cache/typescript/4.7/node_modules/@types/babel__preset-env/index.d.ts'
[16:37:15.340] Adding entry into typings cache: 'balanced-match' => '/home/islom/.cache/typescript/4.7/node_modules/@types/balanced-match/index.d.ts'
[16:37:15.374] Adding entry into typings cache: 'brace-expansion' => '/home/islom/.cache/typescript/4.7/node_modules/@types/brace-expansion/index.d.ts'
[16:37:15.433] Adding entry into typings cache: 'concat-map' => '/home/islom/.cache/typescript/4.7/node_modules/@types/concat-map/index.d.ts'
[16:37:15.449] Adding entry into typings cache: 'debug' => '/home/islom/.cache/typescript/4.7/node_modules/@types/debug/index.d.ts'
[16:37:15.525] Adding entry into typings cache: 'eslint' => '/home/islom/.cache/typescript/4.7/node_modules/@types/eslint/index.d.ts'
[16:37:15.833] Adding entry into typings cache: 'htmlparser2' => '/home/islom/.cache/typescript/4.7/node_modules/@types/htmlparser2/index.d.ts'
[16:37:16.027] Adding entry into typings cache: 'inquirer' => '/home/islom/.cache/typescript/4.7/node_modules/@types/inquirer/index.d.ts'
[16:37:16.166] Adding entry into typings cache: 'jest' => '/home/islom/.cache/typescript/4.7/node_modules/@types/jest/index.d.ts'
[16:37:16.310] Adding entry into typings cache: 'lodash' => '/home/islom/.cache/typescript/4.7/node_modules/@types/lodash/index.d.ts'
[16:37:16.411] Adding entry into typings cache: 'mime' => '/home/islom/.cache/typescript/4.7/node_modules/@types/mime/index.d.ts'
[16:37:16.544] Adding entry into typings cache: 'minimatch' => '/home/islom/.cache/typescript/4.7/node_modules/@types/minimatch/index.d.ts'
[16:37:16.630] Adding entry into typings cache: 'node' => '/home/islom/.cache/typescript/4.7/node_modules/@types/node/index.d.ts'
[16:37:16.645] Adding entry into typings cache: 'node-localstorage' => '/home/islom/.cache/typescript/4.7/node_modules/@types/node-localstorage/index.d.ts'
[16:37:16.761] Adding entry into typings cache: 'nodemon' => '/home/islom/.cache/typescript/4.7/node_modules/@types/nodemon/index.d.ts'
[16:37:16.857] Adding entry into typings cache: 'nprogress' => '/home/islom/.cache/typescript/4.7/node_modules/@types/nprogress/index.d.ts'
[16:37:16.916] Adding entry into typings cache: 'pako' => '/home/islom/.cache/typescript/4.7/node_modules/@types/pako/index.d.ts'
[16:37:16.952] Adding entry into typings cache: 'path-browserify' => '/home/islom/.cache/typescript/4.7/node_modules/@types/path-browserify/index.d.ts'
[16:37:17.034] Adding entry into typings cache: 'prettier' => '/home/islom/.cache/typescript/4.7/node_modules/@types/prettier/index.d.ts'
[16:37:17.146] Adding entry into typings cache: 'react' => '/home/islom/.cache/typescript/4.7/node_modules/@types/react/index.d.ts'
[16:37:17.158] Adding entry into typings cache: 'react-dom' => '/home/islom/.cache/typescript/4.7/node_modules/@types/react-dom/index.d.ts'
[16:37:17.222] Adding entry into typings cache: 'react-simple-maps' => '/home/islom/.cache/typescript/4.7/node_modules/@types/react-simple-maps/index.d.ts'
[16:37:17.427] Adding entry into typings cache: 'sharp' => '/home/islom/.cache/typescript/4.7/node_modules/@types/sharp/index.d.ts'
[16:37:17.649] Adding entry into typings cache: 'supports-color' => '/home/islom/.cache/typescript/4.7/node_modules/@types/supports-color/index.d.ts'
[16:37:17.689] Adding entry into typings cache: 'utf-8-validate' => '/home/islom/.cache/typescript/4.7/node_modules/@types/utf-8-validate/index.d.ts'
[16:37:17.744] Adding entry into typings cache: 'webpack' => '/home/islom/.cache/typescript/4.7/node_modules/webpack/types.d.ts'
[16:37:17.802] Adding entry into typings cache: 'websocket' => '/home/islom/.cache/typescript/4.7/node_modules/@types/websocket/index.d.ts'
[16:37:17.802] Finished processing cache location '/home/islom/.cache/typescript/4.7'
[16:37:17.803] Process id: 3457
[16:37:17.804] NPM location: /home/islom/.nvm/versions/node/v16.14.2/bin/npm (explicit '--npmLocation' not  provided)
[16:37:17.804] validateDefaultNpmLocation: false
[16:37:17.805] Npm config file: /home/islom/.cache/typescript/4.7/package.json
[16:37:17.806] Updating types-registry npm package...
[16:37:17.808] Exec: /home/islom/.nvm/versions/node/v16.14.2/bin/npm install --ignore-scripts types-registry@latest
[16:37:28.870]     Succeeded. stdout:
    
    up to date, audited 144 packages in 9s

12 packages are looking for funding
  run `npm fund` for details

found 0 vulnerabilities

[16:37:28.871] Updated types-registry npm package
[17:14:13.637] Got install request {"projectName":"/dev/null/inferredProject1*","fileNames":[],"compilerOptions":{"module":1,"target":3,"jsx":1,"allowJs":true,"allowSyntheticDefaultImports":true,"allowNonTsExtensions":true,"noEmitForJsFiles":true},"typeAcquisition":{"enable":true,"include":[],"exclude":[]},"unresolvedImports":[],"projectRootPath":"/home/islom/Projects/Next/travel-app/app","kind":"discover"}
[17:14:17.182] Loaded safelist from types map file '/home/islom/Projects/Next/travel-app/node_modules/typescript/lib/typesMap.json'
[17:14:17.222] Explicitly included types: []
[17:14:17.304] Inferred typings from unresolved imports: []
[17:14:17.433] Result: {"cachedTypingPaths":[],"newTypingNames":[],"filesToWatch":["/home/islom/Projects/Next/travel-app/app/bower_components","/home/islom/Projects/Next/travel-app/app/node_modules"]}
[17:14:17.443] Finished typings discovery: {"cachedTypingPaths":[],"newTypingNames":[],"filesToWatch":["/home/islom/Projects/Next/travel-app/app/bower_components","/home/islom/Projects/Next/travel-app/app/node_modules"]}
[17:14:17.539] DirectoryWatcher:: Added:: WatchInfo: /home/islom/Projects/Next/travel-app/app/bower_components
[17:14:17.639] DirectoryWatcher:: Added:: WatchInfo: /home/islom/Projects/Next/travel-app/app/bower_components 1 undefined Project: /dev/null/inferredProject1* watcher already invoked: false
[17:14:17.783] Elapsed:: 119.17183499969542ms DirectoryWatcher:: Added:: WatchInfo: /home/islom/Projects/Next/travel-app/app/bower_components 1 undefined Project: /dev/null/inferredProject1* watcher already invoked: false
[17:14:17.784] DirectoryWatcher:: Added:: WatchInfo: /home/islom/Projects/Next/travel-app/app/node_modules
[17:14:17.784] DirectoryWatcher:: Added:: WatchInfo: /home/islom/Projects/Next/travel-app/app/node_modules 1 undefined Project: /dev/null/inferredProject1* watcher already invoked: false
[17:14:17.785] Elapsed:: 0.5442730002105236ms DirectoryWatcher:: Added:: WatchInfo: /home/islom/Projects/Next/travel-app/app/node_modules 1 undefined Project: /dev/null/inferredProject1* watcher already invoked: false
[17:14:17.786] Sending response:
    {"projectName":"/dev/null/inferredProject1*","typeAcquisition":{"enable":true,"include":[],"exclude":[]},"compilerOptions":{"module":1,"target":3,"jsx":1,"allowJs":true,"allowSyntheticDefaultImports":true,"allowNonTsExtensions":true,"noEmitForJsFiles":true},"typings":[],"unresolvedImports":[],"kind":"action::set"}
[17:14:17.822] Response has been sent.
[17:14:17.823] No new typings were requested as a result of typings discovery
