[16:02:15.526] Global cache location '/home/islom/.cache/typescript/4.7', safe file path '/home/islom/Projects/Next/travel-app/node_modules/typescript/lib/typingSafeList.json', types map path /home/islom/Projects/Next/travel-app/node_modules/typescript/lib/typesMap.json
[16:02:15.567] Processing cache location '/home/islom/.cache/typescript/4.7'
[16:02:15.568] Trying to find '/home/islom/.cache/typescript/4.7/package.json'...
[16:02:15.677] Loaded content of '/home/islom/.cache/typescript/4.7/package.json': {"private":true,"dependencies":{"types-registry":"^0.1.602"},"devDependencies":{"@types/babel__core":"^7.1.19","@types/babel__preset-env":"^7.9.2","@types/balanced-match":"^1.0.2","@types/brace-expansion":"^1.1.0","@types/concat-map":"^0.0.1","@types/cookie":"^0.5.1","@types/debug":"^4.1.7","@types/eslint":"^8.4.5","@types/eventsource":"^1.1.9","@types/htmlparser2":"^3.10.3","@types/inquirer":"^8.2.1","@types/jest":"^28.1.5","@types/lodash":"^4.14.182","@types/mime":"^2.0.3","@types/minimatch":"^3.0.5","@types/node":"^18.0.4","@types/node-localstorage":"^1.3.0","@types/nodemailer":"^6.4.4","@types/nodemon":"^1.19.2","@types/nprogress":"^0.2.0","@types/pako":"^2.0.0","@types/path-browserify":"^1.0.0","@types/prettier":"^2.6.3","@types/react":"^18.0.15","@types/react-dom":"^18.0.6","@types/react-simple-maps":"^1.0.8","@types/sharp":"^0.30.4","@types/supports-color":"^8.1.1","@types/utf-8-validate":"^5.0.0","@types/webpack":"^5.28.0","@types/websocket":"^1.0.5"}}
[16:02:15.677] Loaded content of '/home/islom/.cache/typescript/4.7/package-lock.json'
[16:02:15.846] Adding entry into typings cache: 'babel__core' => '/home/islom/.cache/typescript/4.7/node_modules/@types/babel__core/index.d.ts'
[16:02:15.975] Adding entry into typings cache: 'babel__preset-env' => '/home/islom/.cache/typescript/4.7/node_modules/@types/babel__preset-env/index.d.ts'
[16:02:16.024] Adding entry into typings cache: 'balanced-match' => '/home/islom/.cache/typescript/4.7/node_modules/@types/balanced-match/index.d.ts'
[16:02:16.060] Adding entry into typings cache: 'brace-expansion' => '/home/islom/.cache/typescript/4.7/node_modules/@types/brace-expansion/index.d.ts'
[16:02:16.078] Adding entry into typings cache: 'concat-map' => '/home/islom/.cache/typescript/4.7/node_modules/@types/concat-map/index.d.ts'
[16:02:16.106] Adding entry into typings cache: 'cookie' => '/home/islom/.cache/typescript/4.7/node_modules/@types/cookie/index.d.ts'
[16:02:16.123] Adding entry into typings cache: 'debug' => '/home/islom/.cache/typescript/4.7/node_modules/@types/debug/index.d.ts'
[16:02:16.152] Adding entry into typings cache: 'eslint' => '/home/islom/.cache/typescript/4.7/node_modules/@types/eslint/index.d.ts'
[16:02:16.249] Adding entry into typings cache: 'eventsource' => '/home/islom/.cache/typescript/4.7/node_modules/@types/eventsource/index.d.ts'
[16:02:16.447] Adding entry into typings cache: 'htmlparser2' => '/home/islom/.cache/typescript/4.7/node_modules/@types/htmlparser2/index.d.ts'
[16:02:16.583] Adding entry into typings cache: 'inquirer' => '/home/islom/.cache/typescript/4.7/node_modules/@types/inquirer/index.d.ts'
[16:02:16.665] Adding entry into typings cache: 'jest' => '/home/islom/.cache/typescript/4.7/node_modules/@types/jest/index.d.ts'
[16:02:16.725] Adding entry into typings cache: 'lodash' => '/home/islom/.cache/typescript/4.7/node_modules/@types/lodash/index.d.ts'
[16:02:16.795] Adding entry into typings cache: 'mime' => '/home/islom/.cache/typescript/4.7/node_modules/@types/mime/index.d.ts'
[16:02:16.947] Adding entry into typings cache: 'minimatch' => '/home/islom/.cache/typescript/4.7/node_modules/@types/minimatch/index.d.ts'
[16:02:17.012] Adding entry into typings cache: 'node' => '/home/islom/.cache/typescript/4.7/node_modules/@types/node/index.d.ts'
[16:02:17.066] Adding entry into typings cache: 'node-localstorage' => '/home/islom/.cache/typescript/4.7/node_modules/@types/node-localstorage/index.d.ts'
[16:02:17.129] Adding entry into typings cache: 'nodemailer' => '/home/islom/.cache/typescript/4.7/node_modules/@types/nodemailer/index.d.ts'
[16:02:17.144] Adding entry into typings cache: 'nodemon' => '/home/islom/.cache/typescript/4.7/node_modules/@types/nodemon/index.d.ts'
[16:02:17.239] Adding entry into typings cache: 'nprogress' => '/home/islom/.cache/typescript/4.7/node_modules/@types/nprogress/index.d.ts'
[16:02:17.330] Adding entry into typings cache: 'pako' => '/home/islom/.cache/typescript/4.7/node_modules/@types/pako/index.d.ts'
[16:02:17.421] Adding entry into typings cache: 'path-browserify' => '/home/islom/.cache/typescript/4.7/node_modules/@types/path-browserify/index.d.ts'
[16:02:17.461] Adding entry into typings cache: 'prettier' => '/home/islom/.cache/typescript/4.7/node_modules/@types/prettier/index.d.ts'
[16:02:17.537] Adding entry into typings cache: 'react' => '/home/islom/.cache/typescript/4.7/node_modules/@types/react/index.d.ts'
[16:02:17.956] Adding entry into typings cache: 'react-dom' => '/home/islom/.cache/typescript/4.7/node_modules/@types/react-dom/index.d.ts'
[16:02:18.057] Adding entry into typings cache: 'react-simple-maps' => '/home/islom/.cache/typescript/4.7/node_modules/@types/react-simple-maps/index.d.ts'
[16:02:18.174] Adding entry into typings cache: 'sharp' => '/home/islom/.cache/typescript/4.7/node_modules/@types/sharp/index.d.ts'
[16:02:18.364] Adding entry into typings cache: 'supports-color' => '/home/islom/.cache/typescript/4.7/node_modules/@types/supports-color/index.d.ts'
[16:02:18.429] Adding entry into typings cache: 'utf-8-validate' => '/home/islom/.cache/typescript/4.7/node_modules/@types/utf-8-validate/index.d.ts'
[16:02:18.520] Adding entry into typings cache: 'webpack' => '/home/islom/.cache/typescript/4.7/node_modules/webpack/types.d.ts'
[16:02:18.626] Adding entry into typings cache: 'websocket' => '/home/islom/.cache/typescript/4.7/node_modules/@types/websocket/index.d.ts'
[16:02:18.626] Finished processing cache location '/home/islom/.cache/typescript/4.7'
[16:02:18.627] Process id: 3129
[16:02:18.627] NPM location: /home/islom/.nvm/versions/node/v16.14.2/bin/npm (explicit '--npmLocation' not  provided)
[16:02:18.627] validateDefaultNpmLocation: false
[16:02:18.627] Npm config file: /home/islom/.cache/typescript/4.7/package.json
[16:02:18.628] Updating types-registry npm package...
[16:02:18.628] Exec: /home/islom/.nvm/versions/node/v16.14.2/bin/npm install --ignore-scripts types-registry@latest
[16:02:33.813]     Succeeded. stdout:
    
    up to date, audited 147 packages in 13s

12 packages are looking for funding
  run `npm fund` for details

found 0 vulnerabilities

[16:02:33.813] Updated types-registry npm package
