[10:45:14.333] Global cache location '/home/islom/.cache/typescript/4.7', safe file path '/home/islom/Projects/Next/travel-app/node_modules/typescript/lib/typingSafeList.json', types map path /home/islom/Projects/Next/travel-app/node_modules/typescript/lib/typesMap.json
[10:45:14.335] Processing cache location '/home/islom/.cache/typescript/4.7'
[10:45:14.336] Trying to find '/home/islom/.cache/typescript/4.7/package.json'...
[10:45:14.584] Loaded content of '/home/islom/.cache/typescript/4.7/package.json': {"private":true,"dependencies":{"types-registry":"^0.1.602"},"devDependencies":{"@types/babel__core":"^7.1.19","@types/babel__preset-env":"^7.9.2","@types/balanced-match":"^1.0.2","@types/brace-expansion":"^1.1.0","@types/concat-map":"^0.0.1","@types/debug":"^4.1.7","@types/eslint":"^8.4.5","@types/htmlparser2":"^3.10.3","@types/inquirer":"^8.2.1","@types/jest":"^28.1.5","@types/lodash":"^4.14.182","@types/mime":"^2.0.3","@types/minimatch":"^3.0.5","@types/node":"^18.0.4","@types/node-localstorage":"^1.3.0","@types/nodemon":"^1.19.2","@types/nprogress":"^0.2.0","@types/pako":"^2.0.0","@types/path-browserify":"^1.0.0","@types/prettier":"^2.6.3","@types/react":"^18.0.15","@types/react-dom":"^18.0.6","@types/react-simple-maps":"^1.0.8","@types/sharp":"^0.30.4","@types/supports-color":"^8.1.1","@types/utf-8-validate":"^5.0.0","@types/webpack":"^5.28.0","@types/websocket":"^1.0.5"}}
[10:45:14.584] Loaded content of '/home/islom/.cache/typescript/4.7/package-lock.json'
[10:45:14.768] Adding entry into typings cache: 'babel__core' => '/home/islom/.cache/typescript/4.7/node_modules/@types/babel__core/index.d.ts'
[10:45:14.818] Adding entry into typings cache: 'babel__preset-env' => '/home/islom/.cache/typescript/4.7/node_modules/@types/babel__preset-env/index.d.ts'
[10:45:14.892] Adding entry into typings cache: 'balanced-match' => '/home/islom/.cache/typescript/4.7/node_modules/@types/balanced-match/index.d.ts'
[10:45:14.911] Adding entry into typings cache: 'brace-expansion' => '/home/islom/.cache/typescript/4.7/node_modules/@types/brace-expansion/index.d.ts'
[10:45:14.921] Adding entry into typings cache: 'concat-map' => '/home/islom/.cache/typescript/4.7/node_modules/@types/concat-map/index.d.ts'
[10:45:14.931] Adding entry into typings cache: 'debug' => '/home/islom/.cache/typescript/4.7/node_modules/@types/debug/index.d.ts'
[10:45:14.981] Adding entry into typings cache: 'eslint' => '/home/islom/.cache/typescript/4.7/node_modules/@types/eslint/index.d.ts'
[10:45:15.057] Adding entry into typings cache: 'htmlparser2' => '/home/islom/.cache/typescript/4.7/node_modules/@types/htmlparser2/index.d.ts'
[10:45:15.143] Adding entry into typings cache: 'inquirer' => '/home/islom/.cache/typescript/4.7/node_modules/@types/inquirer/index.d.ts'
[10:45:15.229] Adding entry into typings cache: 'jest' => '/home/islom/.cache/typescript/4.7/node_modules/@types/jest/index.d.ts'
[10:45:15.267] Adding entry into typings cache: 'lodash' => '/home/islom/.cache/typescript/4.7/node_modules/@types/lodash/index.d.ts'
[10:45:15.316] Adding entry into typings cache: 'mime' => '/home/islom/.cache/typescript/4.7/node_modules/@types/mime/index.d.ts'
[10:45:15.400] Adding entry into typings cache: 'minimatch' => '/home/islom/.cache/typescript/4.7/node_modules/@types/minimatch/index.d.ts'
[10:45:15.479] Adding entry into typings cache: 'node' => '/home/islom/.cache/typescript/4.7/node_modules/@types/node/index.d.ts'
[10:45:15.512] Adding entry into typings cache: 'node-localstorage' => '/home/islom/.cache/typescript/4.7/node_modules/@types/node-localstorage/index.d.ts'
[10:45:15.555] Adding entry into typings cache: 'nodemon' => '/home/islom/.cache/typescript/4.7/node_modules/@types/nodemon/index.d.ts'
[10:45:15.601] Adding entry into typings cache: 'nprogress' => '/home/islom/.cache/typescript/4.7/node_modules/@types/nprogress/index.d.ts'
[10:45:15.628] Adding entry into typings cache: 'pako' => '/home/islom/.cache/typescript/4.7/node_modules/@types/pako/index.d.ts'
[10:45:15.674] Adding entry into typings cache: 'path-browserify' => '/home/islom/.cache/typescript/4.7/node_modules/@types/path-browserify/index.d.ts'
[10:45:15.702] Adding entry into typings cache: 'prettier' => '/home/islom/.cache/typescript/4.7/node_modules/@types/prettier/index.d.ts'
[10:45:15.780] Adding entry into typings cache: 'react' => '/home/islom/.cache/typescript/4.7/node_modules/@types/react/index.d.ts'
[10:45:15.815] Adding entry into typings cache: 'react-dom' => '/home/islom/.cache/typescript/4.7/node_modules/@types/react-dom/index.d.ts'
[10:45:15.880] Adding entry into typings cache: 'react-simple-maps' => '/home/islom/.cache/typescript/4.7/node_modules/@types/react-simple-maps/index.d.ts'
[10:45:15.963] Adding entry into typings cache: 'sharp' => '/home/islom/.cache/typescript/4.7/node_modules/@types/sharp/index.d.ts'
[10:45:16.063] Adding entry into typings cache: 'supports-color' => '/home/islom/.cache/typescript/4.7/node_modules/@types/supports-color/index.d.ts'
[10:45:16.090] Adding entry into typings cache: 'utf-8-validate' => '/home/islom/.cache/typescript/4.7/node_modules/@types/utf-8-validate/index.d.ts'
[10:45:16.214] Adding entry into typings cache: 'webpack' => '/home/islom/.cache/typescript/4.7/node_modules/webpack/types.d.ts'
[10:45:16.257] Adding entry into typings cache: 'websocket' => '/home/islom/.cache/typescript/4.7/node_modules/@types/websocket/index.d.ts'
[10:45:16.257] Finished processing cache location '/home/islom/.cache/typescript/4.7'
[10:45:16.258] Process id: 4805
[10:45:16.258] NPM location: /home/islom/.nvm/versions/node/v16.14.2/bin/npm (explicit '--npmLocation' not  provided)
[10:45:16.258] validateDefaultNpmLocation: false
[10:45:16.263] Npm config file: /home/islom/.cache/typescript/4.7/package.json
[10:45:16.264] Updating types-registry npm package...
[10:45:16.264] Exec: /home/islom/.nvm/versions/node/v16.14.2/bin/npm install --ignore-scripts types-registry@latest
[10:45:31.202]     Succeeded. stdout:
    
    up to date, audited 144 packages in 10s

12 packages are looking for funding
  run `npm fund` for details

found 0 vulnerabilities

[10:45:31.203] Updated types-registry npm package
