[11:04:04.691] Global cache location '/home/islom/.cache/typescript/4.7', safe file path '/home/islom/Projects/Next/travel-app/node_modules/typescript/lib/typingSafeList.json', types map path /home/islom/Projects/Next/travel-app/node_modules/typescript/lib/typesMap.json
[11:04:04.693] Processing cache location '/home/islom/.cache/typescript/4.7'
[11:04:04.693] Trying to find '/home/islom/.cache/typescript/4.7/package.json'...
[11:04:04.703] Loaded content of '/home/islom/.cache/typescript/4.7/package.json': {"private":true,"dependencies":{"types-registry":"^0.1.602"},"devDependencies":{"@types/babel__core":"^7.1.19","@types/babel__preset-env":"^7.9.2","@types/balanced-match":"^1.0.2","@types/brace-expansion":"^1.1.0","@types/concat-map":"^0.0.1","@types/debug":"^4.1.7","@types/eslint":"^8.4.5","@types/htmlparser2":"^3.10.3","@types/inquirer":"^8.2.1","@types/jest":"^28.1.5","@types/lodash":"^4.14.182","@types/mime":"^2.0.3","@types/minimatch":"^3.0.5","@types/node":"^18.0.4","@types/node-localstorage":"^1.3.0","@types/nodemon":"^1.19.2","@types/nprogress":"^0.2.0","@types/pako":"^2.0.0","@types/path-browserify":"^1.0.0","@types/prettier":"^2.6.3","@types/react":"^18.0.15","@types/react-dom":"^18.0.6","@types/react-simple-maps":"^1.0.8","@types/sharp":"^0.30.4","@types/supports-color":"^8.1.1","@types/utf-8-validate":"^5.0.0","@types/webpack":"^5.28.0","@types/websocket":"^1.0.5"}}
[11:04:04.704] Loaded content of '/home/islom/.cache/typescript/4.7/package-lock.json'
[11:04:04.752] Adding entry into typings cache: 'babel__core' => '/home/islom/.cache/typescript/4.7/node_modules/@types/babel__core/index.d.ts'
[11:04:04.760] Adding entry into typings cache: 'babel__preset-env' => '/home/islom/.cache/typescript/4.7/node_modules/@types/babel__preset-env/index.d.ts'
[11:04:04.765] Adding entry into typings cache: 'balanced-match' => '/home/islom/.cache/typescript/4.7/node_modules/@types/balanced-match/index.d.ts'
[11:04:04.769] Adding entry into typings cache: 'brace-expansion' => '/home/islom/.cache/typescript/4.7/node_modules/@types/brace-expansion/index.d.ts'
[11:04:04.773] Adding entry into typings cache: 'concat-map' => '/home/islom/.cache/typescript/4.7/node_modules/@types/concat-map/index.d.ts'
[11:04:04.781] Adding entry into typings cache: 'debug' => '/home/islom/.cache/typescript/4.7/node_modules/@types/debug/index.d.ts'
[11:04:04.805] Adding entry into typings cache: 'eslint' => '/home/islom/.cache/typescript/4.7/node_modules/@types/eslint/index.d.ts'
[11:04:04.810] Adding entry into typings cache: 'htmlparser2' => '/home/islom/.cache/typescript/4.7/node_modules/@types/htmlparser2/index.d.ts'
[11:04:04.831] Adding entry into typings cache: 'inquirer' => '/home/islom/.cache/typescript/4.7/node_modules/@types/inquirer/index.d.ts'
[11:04:04.857] Adding entry into typings cache: 'jest' => '/home/islom/.cache/typescript/4.7/node_modules/@types/jest/index.d.ts'
[11:04:04.871] Adding entry into typings cache: 'lodash' => '/home/islom/.cache/typescript/4.7/node_modules/@types/lodash/index.d.ts'
[11:04:04.884] Adding entry into typings cache: 'mime' => '/home/islom/.cache/typescript/4.7/node_modules/@types/mime/index.d.ts'
[11:04:04.888] Adding entry into typings cache: 'minimatch' => '/home/islom/.cache/typescript/4.7/node_modules/@types/minimatch/index.d.ts'
[11:04:04.918] Adding entry into typings cache: 'node' => '/home/islom/.cache/typescript/4.7/node_modules/@types/node/index.d.ts'
[11:04:04.921] Adding entry into typings cache: 'node-localstorage' => '/home/islom/.cache/typescript/4.7/node_modules/@types/node-localstorage/index.d.ts'
[11:04:04.924] Adding entry into typings cache: 'nodemon' => '/home/islom/.cache/typescript/4.7/node_modules/@types/nodemon/index.d.ts'
[11:04:04.929] Adding entry into typings cache: 'nprogress' => '/home/islom/.cache/typescript/4.7/node_modules/@types/nprogress/index.d.ts'
[11:04:04.937] Adding entry into typings cache: 'pako' => '/home/islom/.cache/typescript/4.7/node_modules/@types/pako/index.d.ts'
[11:04:04.940] Adding entry into typings cache: 'path-browserify' => '/home/islom/.cache/typescript/4.7/node_modules/@types/path-browserify/index.d.ts'
[11:04:04.948] Adding entry into typings cache: 'prettier' => '/home/islom/.cache/typescript/4.7/node_modules/@types/prettier/index.d.ts'
[11:04:04.959] Adding entry into typings cache: 'react' => '/home/islom/.cache/typescript/4.7/node_modules/@types/react/index.d.ts'
[11:04:04.965] Adding entry into typings cache: 'react-dom' => '/home/islom/.cache/typescript/4.7/node_modules/@types/react-dom/index.d.ts'
[11:04:04.969] Adding entry into typings cache: 'react-simple-maps' => '/home/islom/.cache/typescript/4.7/node_modules/@types/react-simple-maps/index.d.ts'
[11:04:04.973] Adding entry into typings cache: 'sharp' => '/home/islom/.cache/typescript/4.7/node_modules/@types/sharp/index.d.ts'
[11:04:04.980] Adding entry into typings cache: 'supports-color' => '/home/islom/.cache/typescript/4.7/node_modules/@types/supports-color/index.d.ts'
[11:04:04.983] Adding entry into typings cache: 'utf-8-validate' => '/home/islom/.cache/typescript/4.7/node_modules/@types/utf-8-validate/index.d.ts'
[11:04:05.017] Adding entry into typings cache: 'webpack' => '/home/islom/.cache/typescript/4.7/node_modules/webpack/types.d.ts'
[11:04:05.021] Adding entry into typings cache: 'websocket' => '/home/islom/.cache/typescript/4.7/node_modules/@types/websocket/index.d.ts'
[11:04:05.022] Finished processing cache location '/home/islom/.cache/typescript/4.7'
[11:04:05.022] Process id: 9420
[11:04:05.023] NPM location: /home/islom/.nvm/versions/node/v16.14.2/bin/npm (explicit '--npmLocation' not  provided)
[11:04:05.023] validateDefaultNpmLocation: false
[11:04:05.023] Npm config file: /home/islom/.cache/typescript/4.7/package.json
[11:04:05.024] Updating types-registry npm package...
[11:04:05.024] Exec: /home/islom/.nvm/versions/node/v16.14.2/bin/npm install --ignore-scripts types-registry@latest
[11:04:08.794]     Succeeded. stdout:
    
    up to date, audited 144 packages in 3s

12 packages are looking for funding
  run `npm fund` for details

found 0 vulnerabilities

[11:04:08.795] Updated types-registry npm package
